Determining if the pthread_create exist failed with the following output:
Change Dir: /home/kanhaiyakumawat/hashmap/RCFProto-src-1.1.0.0/CMakeFiles/CMakeTmp

Run Build Command:/usr/bin/make "cmTryCompileExec307375414/fast"
/usr/bin/make -f CMakeFiles/cmTryCompileExec307375414.dir/build.make CMakeFiles/cmTryCompileExec307375414.dir/build
make[1]: Entering directory `/home/kanhaiyakumawat/hashmap/RCFProto-src-1.1.0.0/CMakeFiles/CMakeTmp'
/usr/bin/cmake -E cmake_progress_report /home/kanhaiyakumawat/hashmap/RCFProto-src-1.1.0.0/CMakeFiles/CMakeTmp/CMakeFiles 1
Building C object CMakeFiles/cmTryCompileExec307375414.dir/CheckSymbolExists.c.o
/usr/bin/cc    -o CMakeFiles/cmTryCompileExec307375414.dir/CheckSymbolExists.c.o   -c /home/kanhaiyakumawat/hashmap/RCFProto-src-1.1.0.0/CMakeFiles/CMakeTmp/CheckSymbolExists.c
Linking C executable cmTryCompileExec307375414
/usr/bin/cmake -E cmake_link_script CMakeFiles/cmTryCompileExec307375414.dir/link.txt --verbose=1
/usr/bin/cc       CMakeFiles/cmTryCompileExec307375414.dir/CheckSymbolExists.c.o  -o cmTryCompileExec307375414 -rdynamic 
CMakeFiles/cmTryCompileExec307375414.dir/CheckSymbolExists.c.o: In function `main':
CheckSymbolExists.c:(.text+0x16): undefined reference to `pthread_create'
make[1]: Leaving directory `/home/kanhaiyakumawat/hashmap/RCFProto-src-1.1.0.0/CMakeFiles/CMakeTmp'
collect2: error: ld returned 1 exit status
make[1]: *** [cmTryCompileExec307375414] Error 1
make: *** [cmTryCompileExec307375414/fast] Error 2

File /home/kanhaiyakumawat/hashmap/RCFProto-src-1.1.0.0/CMakeFiles/CMakeTmp/CheckSymbolExists.c:
/* */
#include <pthread.h>

int main(int argc, char** argv)
{
  (void)argv;
#ifndef pthread_create
  return ((int*)(&pthread_create))[argc];
#else
  (void)argc;
  return 0;
#endif
}

Determining if the function pthread_create exists in the pthreads failed with the following output:
Change Dir: /home/kanhaiyakumawat/hashmap/RCFProto-src-1.1.0.0/CMakeFiles/CMakeTmp

Run Build Command:/usr/bin/make "cmTryCompileExec3221147985/fast"
/usr/bin/make -f CMakeFiles/cmTryCompileExec3221147985.dir/build.make CMakeFiles/cmTryCompileExec3221147985.dir/build
make[1]: Entering directory `/home/kanhaiyakumawat/hashmap/RCFProto-src-1.1.0.0/CMakeFiles/CMakeTmp'
/usr/bin/cmake -E cmake_progress_report /home/kanhaiyakumawat/hashmap/RCFProto-src-1.1.0.0/CMakeFiles/CMakeTmp/CMakeFiles 1
Building C object CMakeFiles/cmTryCompileExec3221147985.dir/CheckFunctionExists.c.o
/usr/bin/cc   -DCHECK_FUNCTION_EXISTS=pthread_create   -o CMakeFiles/cmTryCompileExec3221147985.dir/CheckFunctionExists.c.o   -c /usr/share/cmake-2.8/Modules/CheckFunctionExists.c
Linking C executable cmTryCompileExec3221147985
/usr/bin/cmake -E cmake_link_script CMakeFiles/cmTryCompileExec3221147985.dir/link.txt --verbose=1
/usr/bin/cc   -DCHECK_FUNCTION_EXISTS=pthread_create    CMakeFiles/cmTryCompileExec3221147985.dir/CheckFunctionExists.c.o  -o cmTryCompileExec3221147985 -rdynamic -lpthreads 
/usr/bin/ld: cannot find -lpthreads
make[1]: Leaving directory `/home/kanhaiyakumawat/hashmap/RCFProto-src-1.1.0.0/CMakeFiles/CMakeTmp'
collect2: error: ld returned 1 exit status
make[1]: *** [cmTryCompileExec3221147985] Error 1
make: *** [cmTryCompileExec3221147985/fast] Error 2


